#
# There is insufficient memory for the Java Runtime Environment to continue.
# Native memory allocation (malloc) failed to allocate 1048576 bytes for AllocateHeap
# Possible reasons:
#   The system is out of physical RAM or swap space
#   The process is running with CompressedOops enabled, and the Java Heap may be blocking the growth of the native heap
# Possible solutions:
#   Reduce memory load on the system
#   Increase physical memory or swap space
#   Check if swap backing store is full
#   Decrease Java heap size (-Xmx/-Xms)
#   Decrease number of Java threads
#   Decrease Java thread stack sizes (-Xss)
#   Set larger code cache with -XX:ReservedCodeCacheSize=
#   JVM is running with Unscaled Compressed Oops mode in which the Java heap is
#     placed in the first 4GB address space. The Java Heap base address is the
#     maximum limit for the native heap growth. Please use -XX:HeapBaseMinAddress
#     to set the Java Heap base and to place the Java Heap above 4GB virtual address.
# This output file may be truncated or incomplete.
#
#  Out of Memory Error (memory/allocation.inline.hpp:63), pid=9244, tid=9936
#
# JRE version:  (10.0.2+13) (build )
# Java VM: Java HotSpot(TM) 64-Bit Server VM (10.0.2+13, mixed mode, aot, tiered, compressed oops, g1 gc, windows-amd64)
# No core dump will be written. Minidumps are not enabled by default on client versions of Windows
#

---------------  S U M M A R Y ------------

Command Line: 

Host: Intel(R) Core(TM) i5-1035G1 CPU @ 1.00GHz, 8 cores, 7G,  Windows 10 , 64 bit Build 18362 (10.0.18362.1916)
Time: Sun Nov 14 11:27:49 2021 Bangladesh Standard Time elapsed time: 0 seconds (0d 0h 0m 0s)

---------------  T H R E A D  ---------------

Current thread (0x000002474b864800):  JavaThread "Unknown thread" [_thread_in_vm, id=9936, stack(0x0000008ae4800000,0x0000008ae4900000)]

Stack: [0x0000008ae4800000,0x0000008ae4900000]
Native frames: (J=compiled Java code, j=interpreted, Vv=VM code, C=native code)
V  [jvm.dll+0x5a01a9]
V  [jvm.dll+0x6bcf31]
V  [jvm.dll+0x6be126]
V  [jvm.dll+0x6be7b3]
V  [jvm.dll+0x234978]
V  [jvm.dll+0x105556]
V  [jvm.dll+0x2c097e]
V  [jvm.dll+0x69d1cb]
V  [jvm.dll+0x69e9fc]
V  [jvm.dll+0x3519e9]
V  [jvm.dll+0x6856a2]
V  [jvm.dll+0x3ba0c3]
V  [jvm.dll+0x3bc261]
C  [java.exe+0x3531]
C  [java.exe+0xe1af]
C  [java.exe+0xe356]
C  [KERNEL32.DLL+0x17c24]
C  [ntdll.dll+0x6d721]


---------------  P R O C E S S  ---------------

Threads class SMR info:
_java_thread_list=0x000002474966ea50, length=0, elements={
}

Java Threads: ( => current thread )

Other Threads:

[error occurred during error reporting (printing all threads), id 0xe0000001]

VM state:not at safepoint (not fully initialized)

VM Mutex/Monitor currently owned by a thread: None


[error occurred during error reporting (printing compressed oops mode), id 0xe0000001]

GC Heap History (0 events):
No events

Deoptimization events (0 events):
No events

Classes redefined (0 events):
No events

Internal exceptions (0 events):
No events

Events (0 events):
No events


Dynamic libraries:
0x00007ff7f9e80000 - 0x00007ff7f9ebe000 	C:\Program Files (x86)\Common Files\Oracle\Java\javapath\java.exe
0x00007ffd583c0000 - 0x00007ffd585b0000 	C:\Windows\SYSTEM32\ntdll.dll
0x00007ffd56e70000 - 0x00007ffd56f23000 	C:\Windows\System32\KERNEL32.DLL
0x00007ffd55d00000 - 0x00007ffd55fa5000 	C:\Windows\System32\KERNELBASE.dll
0x00007ffd565d0000 - 0x00007ffd56673000 	C:\Windows\System32\ADVAPI32.dll
0x00007ffd56680000 - 0x00007ffd5671e000 	C:\Windows\System32\msvcrt.dll
0x00007ffd576c0000 - 0x00007ffd57757000 	C:\Windows\System32\sechost.dll
0x00007ffd57b00000 - 0x00007ffd57c1f000 	C:\Windows\System32\RPCRT4.dll
0x00007ffd57760000 - 0x00007ffd578f4000 	C:\Windows\System32\USER32.dll
0x00007ffd560b0000 - 0x00007ffd560d1000 	C:\Windows\System32\win32u.dll
0x00007ffd57470000 - 0x00007ffd57496000 	C:\Windows\System32\GDI32.dll
0x00007ffd560e0000 - 0x00007ffd56278000 	C:\Windows\System32\gdi32full.dll
0x00007ffd55c60000 - 0x00007ffd55cfe000 	C:\Windows\System32\msvcp_win.dll
0x00007ffd55fb0000 - 0x00007ffd560aa000 	C:\Windows\System32\ucrtbase.dll
0x00007ffd39c10000 - 0x00007ffd39e94000 	C:\Windows\WinSxS\amd64_microsoft.windows.common-controls_6595b64144ccf1df_6.0.18362.1916_none_9e7a3577e461ddbd\COMCTL32.dll
0x00007ffd4d200000 - 0x00007ffd4d20a000 	C:\Windows\SYSTEM32\VERSION.dll
0x00007ffd56f30000 - 0x00007ffd57266000 	C:\Windows\System32\combase.dll
0x00007ffd563d0000 - 0x00007ffd56454000 	C:\Windows\System32\bcryptPrimitives.dll
0x00007ffd57270000 - 0x00007ffd5729e000 	C:\Windows\System32\IMM32.DLL
0x00007ffd52920000 - 0x00007ffd52a0f000 	C:\Program Files\Java\jre-10.0.2\bin\msvcr120.dll
0x00007ffd52870000 - 0x00007ffd52916000 	C:\Program Files\Java\jre-10.0.2\bin\msvcp120.dll
0x000000005ba20000 - 0x000000005c490000 	C:\Program Files\Java\jre-10.0.2\bin\server\jvm.dll
0x00007ffd565c0000 - 0x00007ffd565c8000 	C:\Windows\System32\PSAPI.DLL
0x00007ffd51cd0000 - 0x00007ffd51cd9000 	C:\Windows\SYSTEM32\WSOCK32.dll
0x00007ffd53010000 - 0x00007ffd53034000 	C:\Windows\SYSTEM32\WINMM.dll
0x00007ffd58290000 - 0x00007ffd582ff000 	C:\Windows\System32\WS2_32.dll
0x00007ffd52fe0000 - 0x00007ffd5300d000 	C:\Windows\SYSTEM32\winmmbase.dll
0x00007ffd55ab0000 - 0x00007ffd55afa000 	C:\Windows\System32\cfgmgr32.dll
0x00007ffd52ba0000 - 0x00007ffd52baf000 	C:\Program Files\Java\jre-10.0.2\bin\verify.dll
0x00007ffd53a20000 - 0x00007ffd53c14000 	C:\Windows\SYSTEM32\DBGHELP.DLL
0x00007ffd3e810000 - 0x00007ffd3e83a000 	C:\Windows\SYSTEM32\dbgcore.DLL
0x00007ffd52b70000 - 0x00007ffd52b97000 	C:\Program Files\Java\jre-10.0.2\bin\java.dll
0x00007ffd52b50000 - 0x00007ffd52b66000 	C:\Program Files\Java\jre-10.0.2\bin\zip.dll
0x00007ffd52b40000 - 0x00007ffd52b4a000 	C:\Program Files\Java\jre-10.0.2\bin\jimage.dll

dbghelp: loaded successfully - version: 4.0.5 - missing functions: none
symbol engine: initialized successfully - sym options: 0x614 - pdb path: .;C:\Program Files (x86)\Common Files\Oracle\Java\javapath;C:\Windows\SYSTEM32;C:\Windows\WinSxS\amd64_microsoft.windows.common-controls_6595b64144ccf1df_6.0.18362.1916_none_9e7a3577e461ddbd;C:\Program Files\Java\jre-10.0.2\bin;C:\Program Files\Java\jre-10.0.2\bin\server

VM Arguments:
java_command: <unknown>
java_class_path (initial): <not set>
Launcher Type: SUN_STANDARD

Logging:
Log output configuration:
#0: stdout all=warning uptime,level,tags
#1: stderr all=off uptime,level,tags

Environment Variables:
PATH=C:\Program Files (x86)\VMware\VMware Workstation\bin\;C:\Program Files (x86)\Common Files\Oracle\Java\javapath;C:\Windows\system32;C:\Windows;C:\Windows\System32\Wbem;C:\Windows\System32\WindowsPowerShell\v1.0\;C:\Windows\System32\OpenSSH\;C:\Program Files\Microsoft SQL Server\130\Tools\Binn\;C:\Program Files\Microsoft SQL Server\Client SDK\ODBC\170\Tools\Binn\;C:\Program Files (x86)\Microsoft SQL Server\150\Tools\Binn\;C:\Program Files\Microsoft SQL Server\150\Tools\Binn\;C:\Program Files\Microsoft SQL Server\150\DTS\Binn\;C:\Program Files (x86)\Microsoft SQL Server\150\DTS\Binn\;C:\Program Files\Azure Data Studio\bin;C:\Program Files\Git\cmd;C:\Program Files\Android\Android Studio\jre\bin\java;C:\Program Files\nodejs\;C:\Program Files\dotnet\;C:\Users\Administrator\AppData\Local\Microsoft\WindowsApps;C:\Program Files\Azure Data Studio\bin;C:\Flutter sdk\src\flutter\bin;C:\Program Files (x86)\Nmap;C:\Users\Administrator\AppData\Roaming\npm;C:\Users\Administrator\AppData\Local\Programs\Microsoft VS Code\bin;C:\Users\Administrator\.dotnet\tools;C:\Program Files\Java\jdk-10\bin;;C:\Flutter sdk\src\flutter\bin\mingit\cmd
USERNAME=Administrator
OS=Windows_NT
PROCESSOR_IDENTIFIER=Intel64 Family 6 Model 126 Stepping 5, GenuineIntel



---------------  S Y S T E M  ---------------

OS: Windows 10 , 64 bit Build 18362 (10.0.18362.1916)

CPU:total 8 (initial active 8) (4 cores per cpu, 2 threads per core) family 6 model 126 stepping 5, cmov, cx8, fxsr, mmx, sse, sse2, sse3, ssse3, sse4.1, sse4.2, popcnt, avx, avx2, aes, clmul, erms, 3dnowpref, lzcnt, ht, tsc, tscinvbit, bmi1, bmi2, adx, evex, sha, fma

Memory: 4k page, physical 8177920k(864460k free), swap 33343744k(5164k free)

vm_info: Java HotSpot(TM) 64-Bit Server VM (10.0.2+13) for windows-amd64 JRE (10.0.2+13), built on Jun 28 2018 01:57:56 by "mach5one" with MS VC++ 12.0 (VS2013)

END.
